<?xml version="1.0" encoding="UTF-8"?>
<!-- Generated by org.testng.reporters.JUnitReportReporter -->
<testsuite hostname="DESKTOP-OMGE8E1" failures="0" tests="1" name="stepdefnition.Testcase" time="0.015" errors="0" timestamp="2024-06-06T15:11:11 IST" skipped="0">
  <testcase classname="stepdefnition.Testcase" name="main" time="0.015"/>
</testsuite> <!-- stepdefnition.Testcase -->
